

*******************************************************************************
Wed May  3 10:52:47 2023


FIT:    data read from 'Matrixtiming.data'
        format = z
        #datapoints = 8
        residuals are weighted equally (unit weight)

function used for fitting: f(x)
	f(x) = a*x**3 + b*x**2 + c*x + d
fitted parameters initialized with current variable values

iter      chisq       delta/lim  lambda   a             b             c             d            
   0 1.1874045573e+18   0.00e+00  1.92e+08    1.000000e+00   1.000000e+00   1.000000e+00   1.000000e+00
  12 3.0955072846e-03  -3.64e-01  1.92e-04    8.343716e-09  -3.771821e-06   9.546718e-04  -6.382161e-02

After 12 iterations the fit converged.
final sum of squares of residuals : 0.00309551
rel. change during last iteration : -3.63863e-06

degrees of freedom    (FIT_NDF)                        : 4
rms of residuals      (FIT_STDFIT) = sqrt(WSSR/ndf)    : 0.0278186
variance of residuals (reduced chisquare) = WSSR/ndf   : 0.000773877

Final set of parameters            Asymptotic Standard Error
=======================            ==========================
a               = 8.34372e-09      +/- 5.817e-10    (6.972%)
b               = -3.77182e-06     +/- 9.697e-07    (25.71%)
c               = 0.000954672      +/- 0.0004563    (47.79%)
d               = -0.0638216       +/- 0.05798      (90.85%)

correlation matrix of the fit parameters:
                a      b      c      d      
a               1.000 
b              -0.992  1.000 
c               0.953 -0.982  1.000 
d              -0.822  0.873 -0.940  1.000 


*******************************************************************************
Wed May  3 10:52:47 2023


FIT:    data read from 'Matrixtiming.data'
        format = z
        #datapoints = 8
        residuals are weighted equally (unit weight)

function used for fitting: g(x)
	g(x) = a1*x**2 + b1*x + c1
fitted parameters initialized with current variable values

iter      chisq       delta/lim  lambda   a1            b1            c1           
   0 1.4711616355e+12   0.00e+00  2.47e+05    1.000000e+00   1.000000e+00   1.000000e+00
   9 1.6231073755e-01  -2.33e-04  2.47e-04    1.002385e-05  -5.280014e-03   6.196021e-01

After 9 iterations the fit converged.
final sum of squares of residuals : 0.162311
rel. change during last iteration : -2.32549e-09

degrees of freedom    (FIT_NDF)                        : 5
rms of residuals      (FIT_STDFIT) = sqrt(WSSR/ndf)    : 0.180173
variance of residuals (reduced chisquare) = WSSR/ndf   : 0.0324621

Final set of parameters            Asymptotic Standard Error
=======================            ==========================
a1              = 1.00238e-05      +/- 8.012e-07    (7.993%)
b1              = -0.00528001      +/- 0.0008981    (17.01%)
c1              = 0.619602         +/- 0.214        (34.54%)

correlation matrix of the fit parameters:
                a1     b1     c1     
a1              1.000 
b1             -0.966  1.000 
c1              0.802 -0.909  1.000 
